{"/Users/zorba/AI/dev/zettlink/packages/shared/src/config.ts": {"path":"/Users/zorba/AI/dev/zettlink/packages/shared/src/config.ts","all":true,"statementMap":{"0":{"start":{"line":1,"column":0},"end":{"line":1,"column":51}},"3":{"start":{"line":4,"column":0},"end":{"line":4,"column":51}},"4":{"start":{"line":5,"column":0},"end":{"line":5,"column":64}},"6":{"start":{"line":7,"column":0},"end":{"line":7,"column":25}},"7":{"start":{"line":8,"column":0},"end":{"line":8,"column":22}},"8":{"start":{"line":9,"column":0},"end":{"line":9,"column":26}},"9":{"start":{"line":10,"column":0},"end":{"line":10,"column":31}},"10":{"start":{"line":11,"column":0},"end":{"line":11,"column":38}},"11":{"start":{"line":12,"column":0},"end":{"line":12,"column":5}},"12":{"start":{"line":13,"column":0},"end":{"line":13,"column":43}},"13":{"start":{"line":14,"column":0},"end":{"line":14,"column":22}},"14":{"start":{"line":15,"column":0},"end":{"line":15,"column":32}},"15":{"start":{"line":16,"column":0},"end":{"line":16,"column":35}},"16":{"start":{"line":17,"column":0},"end":{"line":17,"column":5}},"17":{"start":{"line":18,"column":0},"end":{"line":18,"column":23}},"18":{"start":{"line":19,"column":0},"end":{"line":19,"column":30}},"19":{"start":{"line":20,"column":0},"end":{"line":20,"column":5}},"20":{"start":{"line":21,"column":0},"end":{"line":21,"column":20}},"21":{"start":{"line":22,"column":0},"end":{"line":22,"column":33}},"22":{"start":{"line":23,"column":0},"end":{"line":23,"column":5}},"23":{"start":{"line":24,"column":0},"end":{"line":24,"column":20}},"24":{"start":{"line":25,"column":0},"end":{"line":25,"column":48}},"25":{"start":{"line":26,"column":0},"end":{"line":26,"column":53}},"26":{"start":{"line":27,"column":0},"end":{"line":27,"column":5}},"27":{"start":{"line":28,"column":0},"end":{"line":28,"column":20}},"28":{"start":{"line":29,"column":0},"end":{"line":29,"column":38}},"29":{"start":{"line":30,"column":0},"end":{"line":30,"column":39}},"30":{"start":{"line":31,"column":0},"end":{"line":31,"column":39}},"31":{"start":{"line":32,"column":0},"end":{"line":32,"column":5}},"32":{"start":{"line":33,"column":0},"end":{"line":33,"column":2}},"36":{"start":{"line":37,"column":0},"end":{"line":37,"column":76}},"37":{"start":{"line":38,"column":0},"end":{"line":38,"column":27}},"38":{"start":{"line":39,"column":0},"end":{"line":39,"column":27}},"39":{"start":{"line":40,"column":0},"end":{"line":40,"column":32}},"40":{"start":{"line":41,"column":0},"end":{"line":41,"column":1}},"42":{"start":{"line":43,"column":0},"end":{"line":43,"column":44}},"43":{"start":{"line":44,"column":0},"end":{"line":44,"column":13}},"44":{"start":{"line":45,"column":0},"end":{"line":45,"column":34}},"45":{"start":{"line":46,"column":0},"end":{"line":46,"column":43}},"46":{"start":{"line":47,"column":0},"end":{"line":47,"column":58}},"47":{"start":{"line":48,"column":0},"end":{"line":48,"column":4}},"48":{"start":{"line":49,"column":0},"end":{"line":49,"column":59}},"49":{"start":{"line":50,"column":0},"end":{"line":50,"column":13}},"50":{"start":{"line":51,"column":0},"end":{"line":51,"column":45}},"51":{"start":{"line":52,"column":0},"end":{"line":52,"column":62}},"52":{"start":{"line":53,"column":0},"end":{"line":53,"column":4}},"53":{"start":{"line":54,"column":0},"end":{"line":54,"column":14}},"54":{"start":{"line":55,"column":0},"end":{"line":55,"column":42}},"55":{"start":{"line":56,"column":0},"end":{"line":56,"column":4}},"56":{"start":{"line":57,"column":0},"end":{"line":57,"column":11}},"57":{"start":{"line":58,"column":0},"end":{"line":58,"column":49}},"58":{"start":{"line":59,"column":0},"end":{"line":59,"column":4}},"59":{"start":{"line":60,"column":0},"end":{"line":60,"column":11}},"60":{"start":{"line":61,"column":0},"end":{"line":61,"column":69}},"61":{"start":{"line":62,"column":0},"end":{"line":62,"column":79}},"62":{"start":{"line":63,"column":0},"end":{"line":63,"column":4}},"63":{"start":{"line":64,"column":0},"end":{"line":64,"column":11}},"64":{"start":{"line":65,"column":0},"end":{"line":65,"column":61}},"65":{"start":{"line":66,"column":0},"end":{"line":66,"column":64}},"66":{"start":{"line":67,"column":0},"end":{"line":67,"column":62}},"67":{"start":{"line":68,"column":0},"end":{"line":68,"column":4}},"68":{"start":{"line":69,"column":0},"end":{"line":69,"column":2}}},"s":{"0":0,"3":0,"4":0,"6":0,"7":0,"8":0,"9":0,"10":0,"11":0,"12":0,"13":0,"14":0,"15":0,"16":0,"17":0,"18":0,"19":0,"20":0,"21":0,"22":0,"23":0,"24":0,"25":0,"26":0,"27":0,"28":0,"29":0,"30":0,"31":0,"32":0,"36":0,"37":0,"38":0,"39":0,"40":0,"42":0,"43":0,"44":0,"45":0,"46":0,"47":0,"48":0,"49":0,"50":0,"51":0,"52":0,"53":0,"54":0,"55":0,"56":0,"57":0,"58":0,"59":0,"60":0,"61":0,"62":0,"63":0,"64":0,"65":0,"66":0,"67":0,"68":0},"branchMap":{"0":{"type":"branch","line":1,"loc":{"start":{"line":1,"column":0},"end":{"line":69,"column":-363}},"locations":[{"start":{"line":1,"column":0},"end":{"line":69,"column":-363}}]}},"b":{"0":[0]},"fnMap":{"0":{"name":"(empty-report)","decl":{"start":{"line":1,"column":0},"end":{"line":69,"column":-363}},"loc":{"start":{"line":1,"column":0},"end":{"line":69,"column":-363}},"line":1}},"f":{"0":0}}
,"/Users/zorba/AI/dev/zettlink/packages/shared/src/index.ts": {"path":"/Users/zorba/AI/dev/zettlink/packages/shared/src/index.ts","all":true,"statementMap":{"0":{"start":{"line":1,"column":0},"end":{"line":1,"column":26}}},"s":{"0":0},"branchMap":{"0":{"type":"branch","line":1,"loc":{"start":{"line":1,"column":201},"end":{"line":4,"column":95}},"locations":[{"start":{"line":1,"column":201},"end":{"line":4,"column":95}}]}},"b":{"0":[0]},"fnMap":{"0":{"name":"(empty-report)","decl":{"start":{"line":1,"column":201},"end":{"line":4,"column":95}},"loc":{"start":{"line":1,"column":201},"end":{"line":4,"column":95}},"line":1}},"f":{"0":0}}
,"/Users/zorba/AI/dev/zettlink/packages/shared/src/types.ts": {"path":"/Users/zorba/AI/dev/zettlink/packages/shared/src/types.ts","all":true,"statementMap":{},"s":{},"branchMap":{"0":{"type":"branch","line":1,"loc":{"start":{"line":1,"column":1262},"end":{"line":54,"column":1}},"locations":[{"start":{"line":1,"column":1262},"end":{"line":54,"column":1}}]}},"b":{"0":[1]},"fnMap":{"0":{"name":"(empty-report)","decl":{"start":{"line":1,"column":1262},"end":{"line":54,"column":1}},"loc":{"start":{"line":1,"column":1262},"end":{"line":54,"column":1}},"line":1}},"f":{"0":1}}
,"/Users/zorba/AI/dev/zettlink/packages/shared/src/url-normalize.ts": {"path":"/Users/zorba/AI/dev/zettlink/packages/shared/src/url-normalize.ts","all":false,"statementMap":{"5":{"start":{"line":6,"column":0},"end":{"line":6,"column":43}},"7":{"start":{"line":8,"column":0},"end":{"line":8,"column":52}},"8":{"start":{"line":9,"column":0},"end":{"line":9,"column":41}},"9":{"start":{"line":10,"column":0},"end":{"line":10,"column":19}},"10":{"start":{"line":11,"column":0},"end":{"line":11,"column":33}},"11":{"start":{"line":12,"column":0},"end":{"line":12,"column":29}},"12":{"start":{"line":13,"column":0},"end":{"line":13,"column":28}},"13":{"start":{"line":14,"column":0},"end":{"line":14,"column":37}},"15":{"start":{"line":16,"column":0},"end":{"line":16,"column":41}},"17":{"start":{"line":18,"column":0},"end":{"line":18,"column":30}},"19":{"start":{"line":20,"column":0},"end":{"line":20,"column":16}},"21":{"start":{"line":22,"column":0},"end":{"line":22,"column":54}},"22":{"start":{"line":23,"column":0},"end":{"line":23,"column":10}},"23":{"start":{"line":24,"column":0},"end":{"line":24,"column":57}},"25":{"start":{"line":26,"column":0},"end":{"line":26,"column":31}},"26":{"start":{"line":27,"column":0},"end":{"line":27,"column":36}},"28":{"start":{"line":29,"column":0},"end":{"line":29,"column":15}},"29":{"start":{"line":30,"column":0},"end":{"line":30,"column":30}},"30":{"start":{"line":31,"column":0},"end":{"line":31,"column":28}},"31":{"start":{"line":32,"column":0},"end":{"line":32,"column":26}},"32":{"start":{"line":33,"column":0},"end":{"line":33,"column":7}},"33":{"start":{"line":34,"column":0},"end":{"line":34,"column":27}},"34":{"start":{"line":35,"column":0},"end":{"line":35,"column":5}},"35":{"start":{"line":36,"column":0},"end":{"line":36,"column":3}},"37":{"start":{"line":38,"column":0},"end":{"line":38,"column":49}},"38":{"start":{"line":39,"column":0},"end":{"line":39,"column":11}},"39":{"start":{"line":40,"column":0},"end":{"line":40,"column":1}},"41":{"start":{"line":42,"column":0},"end":{"line":42,"column":58}},"42":{"start":{"line":43,"column":0},"end":{"line":43,"column":41}},"43":{"start":{"line":44,"column":0},"end":{"line":44,"column":40}},"46":{"start":{"line":47,"column":0},"end":{"line":47,"column":55}},"47":{"start":{"line":48,"column":0},"end":{"line":48,"column":35}},"49":{"start":{"line":50,"column":0},"end":{"line":50,"column":39}},"50":{"start":{"line":51,"column":0},"end":{"line":51,"column":38}},"51":{"start":{"line":52,"column":0},"end":{"line":52,"column":27}},"52":{"start":{"line":53,"column":0},"end":{"line":53,"column":1}},"54":{"start":{"line":55,"column":0},"end":{"line":55,"column":67}},"55":{"start":{"line":56,"column":0},"end":{"line":56,"column":26}},"57":{"start":{"line":58,"column":0},"end":{"line":58,"column":14}},"58":{"start":{"line":59,"column":0},"end":{"line":59,"column":7}},"59":{"start":{"line":60,"column":0},"end":{"line":60,"column":25}},"60":{"start":{"line":61,"column":0},"end":{"line":61,"column":11}},"61":{"start":{"line":62,"column":0},"end":{"line":62,"column":15}},"62":{"start":{"line":63,"column":0},"end":{"line":63,"column":3}},"64":{"start":{"line":65,"column":0},"end":{"line":65,"column":36}},"65":{"start":{"line":66,"column":0},"end":{"line":66,"column":22}},"66":{"start":{"line":67,"column":0},"end":{"line":67,"column":12}},"67":{"start":{"line":68,"column":0},"end":{"line":68,"column":26}},"68":{"start":{"line":69,"column":0},"end":{"line":69,"column":23}},"69":{"start":{"line":70,"column":0},"end":{"line":70,"column":59}},"70":{"start":{"line":71,"column":0},"end":{"line":71,"column":5}},"71":{"start":{"line":72,"column":0},"end":{"line":72,"column":3}},"73":{"start":{"line":74,"column":0},"end":{"line":74,"column":42}},"74":{"start":{"line":75,"column":0},"end":{"line":75,"column":22}},"75":{"start":{"line":76,"column":0},"end":{"line":76,"column":12}},"76":{"start":{"line":77,"column":0},"end":{"line":77,"column":25}},"77":{"start":{"line":78,"column":0},"end":{"line":78,"column":23}},"78":{"start":{"line":79,"column":0},"end":{"line":79,"column":46}},"79":{"start":{"line":80,"column":0},"end":{"line":80,"column":5}},"80":{"start":{"line":81,"column":0},"end":{"line":81,"column":3}},"82":{"start":{"line":83,"column":0},"end":{"line":83,"column":13}},"83":{"start":{"line":84,"column":0},"end":{"line":84,"column":1}}},"s":{"5":1,"7":22,"8":22,"9":22,"10":22,"11":13,"12":13,"13":22,"15":22,"17":12,"19":22,"21":2,"22":22,"23":10,"25":10,"26":5,"28":5,"29":5,"30":3,"31":2,"32":5,"33":4,"34":4,"35":10,"37":22,"38":7,"39":7,"41":15,"42":15,"43":15,"46":9,"47":15,"49":8,"50":8,"51":8,"52":8,"54":1,"55":24,"57":23,"58":23,"59":23,"60":24,"61":1,"62":1,"64":22,"65":24,"66":7,"67":7,"68":7,"69":7,"70":7,"71":7,"73":15,"74":24,"75":8,"76":8,"77":8,"78":8,"79":8,"80":8,"82":7,"83":7},"branchMap":{"0":{"type":"branch","line":8,"loc":{"start":{"line":8,"column":0},"end":{"line":40,"column":1}},"locations":[{"start":{"line":8,"column":0},"end":{"line":40,"column":1}}]},"1":{"type":"branch","line":11,"loc":{"start":{"line":11,"column":13},"end":{"line":12,"column":29}},"locations":[{"start":{"line":11,"column":13},"end":{"line":12,"column":29}}]},"2":{"type":"branch","line":12,"loc":{"start":{"line":12,"column":13},"end":{"line":13,"column":28}},"locations":[{"start":{"line":12,"column":13},"end":{"line":13,"column":28}}]},"3":{"type":"branch","line":16,"loc":{"start":{"line":16,"column":7},"end":{"line":16,"column":30}},"locations":[{"start":{"line":16,"column":7},"end":{"line":16,"column":30}}]},"4":{"type":"branch","line":16,"loc":{"start":{"line":16,"column":30},"end":{"line":16,"column":41}},"locations":[{"start":{"line":16,"column":30},"end":{"line":16,"column":41}}]},"5":{"type":"branch","line":16,"loc":{"start":{"line":16,"column":37},"end":{"line":20,"column":15}},"locations":[{"start":{"line":16,"column":37},"end":{"line":20,"column":15}}]},"6":{"type":"branch","line":20,"loc":{"start":{"line":20,"column":15},"end":{"line":23,"column":9}},"locations":[{"start":{"line":20,"column":15},"end":{"line":23,"column":9}}]},"7":{"type":"branch","line":23,"loc":{"start":{"line":23,"column":2},"end":{"line":36,"column":3}},"locations":[{"start":{"line":23,"column":2},"end":{"line":36,"column":3}}]},"8":{"type":"branch","line":26,"loc":{"start":{"line":26,"column":30},"end":{"line":35,"column":5}},"locations":[{"start":{"line":26,"column":30},"end":{"line":35,"column":5}}]},"9":{"type":"branch","line":30,"loc":{"start":{"line":30,"column":19},"end":{"line":31,"column":28}},"locations":[{"start":{"line":30,"column":19},"end":{"line":31,"column":28}}]},"10":{"type":"branch","line":31,"loc":{"start":{"line":31,"column":19},"end":{"line":32,"column":26}},"locations":[{"start":{"line":31,"column":19},"end":{"line":32,"column":26}}]},"11":{"type":"branch","line":33,"loc":{"start":{"line":33,"column":6},"end":{"line":35,"column":5}},"locations":[{"start":{"line":33,"column":6},"end":{"line":35,"column":5}}]},"12":{"type":"branch","line":34,"loc":{"start":{"line":34,"column":18},"end":{"line":34,"column":27}},"locations":[{"start":{"line":34,"column":18},"end":{"line":34,"column":27}}]},"13":{"type":"branch","line":36,"loc":{"start":{"line":36,"column":2},"end":{"line":38,"column":13}},"locations":[{"start":{"line":36,"column":2},"end":{"line":38,"column":13}}]},"14":{"type":"branch","line":38,"loc":{"start":{"line":38,"column":7},"end":{"line":38,"column":38}},"locations":[{"start":{"line":38,"column":7},"end":{"line":38,"column":38}}]},"15":{"type":"branch","line":38,"loc":{"start":{"line":38,"column":38},"end":{"line":38,"column":49}},"locations":[{"start":{"line":38,"column":38},"end":{"line":38,"column":49}}]},"16":{"type":"branch","line":38,"loc":{"start":{"line":38,"column":45},"end":{"line":40,"column":1}},"locations":[{"start":{"line":38,"column":45},"end":{"line":40,"column":1}}]},"17":{"type":"branch","line":42,"loc":{"start":{"line":42,"column":0},"end":{"line":53,"column":1}},"locations":[{"start":{"line":42,"column":0},"end":{"line":53,"column":1}}]},"18":{"type":"branch","line":44,"loc":{"start":{"line":44,"column":29},"end":{"line":44,"column":40}},"locations":[{"start":{"line":44,"column":29},"end":{"line":44,"column":40}}]},"19":{"type":"branch","line":44,"loc":{"start":{"line":44,"column":36},"end":{"line":48,"column":31}},"locations":[{"start":{"line":44,"column":36},"end":{"line":48,"column":31}}]},"20":{"type":"branch","line":48,"loc":{"start":{"line":48,"column":24},"end":{"line":48,"column":35}},"locations":[{"start":{"line":48,"column":24},"end":{"line":48,"column":35}}]},"21":{"type":"branch","line":48,"loc":{"start":{"line":48,"column":31},"end":{"line":53,"column":1}},"locations":[{"start":{"line":48,"column":31},"end":{"line":53,"column":1}}]},"22":{"type":"branch","line":55,"loc":{"start":{"line":55,"column":7},"end":{"line":84,"column":1}},"locations":[{"start":{"line":55,"column":7},"end":{"line":84,"column":1}}]},"23":{"type":"branch","line":56,"loc":{"start":{"line":56,"column":15},"end":{"line":56,"column":26}},"locations":[{"start":{"line":56,"column":15},"end":{"line":56,"column":26}}]},"24":{"type":"branch","line":56,"loc":{"start":{"line":56,"column":22},"end":{"line":61,"column":10}},"locations":[{"start":{"line":56,"column":22},"end":{"line":61,"column":10}}]},"25":{"type":"branch","line":61,"loc":{"start":{"line":61,"column":2},"end":{"line":63,"column":3}},"locations":[{"start":{"line":61,"column":2},"end":{"line":63,"column":3}}]},"26":{"type":"branch","line":63,"loc":{"start":{"line":63,"column":2},"end":{"line":66,"column":21}},"locations":[{"start":{"line":63,"column":2},"end":{"line":66,"column":21}}]},"27":{"type":"branch","line":66,"loc":{"start":{"line":66,"column":21},"end":{"line":72,"column":3}},"locations":[{"start":{"line":66,"column":21},"end":{"line":72,"column":3}}]},"28":{"type":"branch","line":72,"loc":{"start":{"line":72,"column":2},"end":{"line":75,"column":21}},"locations":[{"start":{"line":72,"column":2},"end":{"line":75,"column":21}}]},"29":{"type":"branch","line":75,"loc":{"start":{"line":75,"column":21},"end":{"line":81,"column":3}},"locations":[{"start":{"line":75,"column":21},"end":{"line":81,"column":3}}]},"30":{"type":"branch","line":81,"loc":{"start":{"line":81,"column":2},"end":{"line":84,"column":1}},"locations":[{"start":{"line":81,"column":2},"end":{"line":84,"column":1}}]}},"b":{"0":[22],"1":[13],"2":[13],"3":[12],"4":[10],"5":[12],"6":[2],"7":[10],"8":[5],"9":[3],"10":[2],"11":[4],"12":[1],"13":[12],"14":[9],"15":[5],"16":[7],"17":[15],"18":[6],"19":[9],"20":[1],"21":[8],"22":[24],"23":[1],"24":[23],"25":[1],"26":[22],"27":[7],"28":[15],"29":[8],"30":[7]},"fnMap":{"0":{"name":"extractYouTubeId","decl":{"start":{"line":8,"column":0},"end":{"line":40,"column":1}},"loc":{"start":{"line":8,"column":0},"end":{"line":40,"column":1}},"line":8},"1":{"name":"extractGitHubOwnerRepo","decl":{"start":{"line":42,"column":0},"end":{"line":53,"column":1}},"loc":{"start":{"line":42,"column":0},"end":{"line":53,"column":1}},"line":42},"2":{"name":"canonicalize","decl":{"start":{"line":55,"column":7},"end":{"line":84,"column":1}},"loc":{"start":{"line":55,"column":7},"end":{"line":84,"column":1}},"line":55}},"f":{"0":22,"1":15,"2":24}}
}
